  MapGen.cpp
D:\Games\CV9 projekt red\Strafer II\Strafer-II\Mape\Mapgenerator\MapGen\include\json\Json11.hpp(116,43): warning C4244: 'argument': conversion from 'std::streamoff' to 'const unsigned int', possible loss of data
D:\Games\CV9 projekt red\Strafer II\Strafer-II\Mape\Mapgenerator\MapGen\MapGen.cpp(71,24): warning C4244: 'initializing': conversion from 'T' to 'int', possible loss of data
          with
          [
              T=float
          ]
D:\Games\CV9 projekt red\Strafer II\Strafer-II\Mape\Mapgenerator\MapGen\MapGen.cpp(72,24): warning C4244: 'initializing': conversion from 'T' to 'int', possible loss of data
          with
          [
              T=float
          ]
D:\Games\CV9 projekt red\Strafer II\Strafer-II\Mape\Mapgenerator\MapGen\MapGen.cpp(100,24): warning C4244: 'initializing': conversion from 'T' to 'int', possible loss of data
          with
          [
              T=float
          ]
D:\Games\CV9 projekt red\Strafer II\Strafer-II\Mape\Mapgenerator\MapGen\MapGen.cpp(101,24): warning C4244: 'initializing': conversion from 'T' to 'int', possible loss of data
          with
          [
              T=float
          ]
D:\Games\CV9 projekt red\Strafer II\Strafer-II\Mape\Mapgenerator\MapGen\MapGen.cpp(179,24): warning C4244: 'initializing': conversion from 'T' to 'int', possible loss of data
          with
          [
              T=float
          ]
D:\Games\CV9 projekt red\Strafer II\Strafer-II\Mape\Mapgenerator\MapGen\MapGen.cpp(180,24): warning C4244: 'initializing': conversion from 'T' to 'int', possible loss of data
          with
          [
              T=float
          ]
D:\Games\CV9 projekt red\Strafer II\Strafer-II\Mape\Mapgenerator\MapGen\MapGen.cpp(220,24): warning C4244: 'initializing': conversion from 'T' to 'int', possible loss of data
          with
          [
              T=float
          ]
D:\Games\CV9 projekt red\Strafer II\Strafer-II\Mape\Mapgenerator\MapGen\MapGen.cpp(221,24): warning C4244: 'initializing': conversion from 'T' to 'int', possible loss of data
          with
          [
              T=float
          ]
D:\Games\CV9 projekt red\Strafer II\Strafer-II\Mape\Mapgenerator\MapGen\MapGen.cpp(263,24): warning C4244: 'initializing': conversion from 'T' to 'int', possible loss of data
          with
          [
              T=float
          ]
D:\Games\CV9 projekt red\Strafer II\Strafer-II\Mape\Mapgenerator\MapGen\MapGen.cpp(264,24): warning C4244: 'initializing': conversion from 'T' to 'int', possible loss of data
          with
          [
              T=float
          ]
D:\Games\CV9 projekt red\Strafer II\Strafer-II\Mape\Mapgenerator\MapGen\MapGen.cpp(311,15): warning C4244: 'argument': conversion from 'time_t' to 'unsigned int', possible loss of data
  LINK : D:\Games\CV9 projekt red\Strafer II\Strafer-II\Mape\Mapgenerator\MapGen\Debug\MapGen.exe not found or not built by the last incremental link; performing full link
  MapGen.vcxproj -> D:\Games\CV9 projekt red\Strafer II\Strafer-II\Mape\Mapgenerator\MapGen\Debug\MapGen.exe
